2018-05-30 16:12:46,378 [INFO]: loading data
2018-05-30 16:12:50,616 [INFO]: initializing sdae model
2018-05-30 16:14:12,134 [INFO]: loading data
2018-05-30 16:14:16,122 [INFO]: initializing sdae model
2018-05-30 16:14:16,123 [INFO]: fitting data starts...
2018-05-30 16:14:16,123 [INFO]: Layer 1
2018-05-30 16:17:31,361 [INFO]: loading data
2018-05-30 16:17:35,454 [INFO]: initializing sdae model
2018-05-30 16:17:35,454 [INFO]: fitting data starts...
2018-05-30 16:17:35,454 [INFO]: Layer 1
2018-05-30 16:23:39,429 [INFO]: loading data
2018-05-30 16:23:43,492 [INFO]: initializing sdae model
2018-05-30 16:24:20,025 [INFO]: loading data
2018-05-30 16:24:24,044 [INFO]: initializing sdae model
2018-05-30 16:24:24,044 [INFO]: fitting data starts...
2018-05-30 16:24:24,044 [INFO]: Layer 1
2018-05-30 16:25:00,784 [INFO]: loading data
2018-05-30 16:25:04,880 [INFO]: initializing sdae model
2018-05-30 16:25:04,881 [INFO]: fitting data starts...
2018-05-30 16:25:04,881 [INFO]: Layer 1
2018-05-30 16:25:15,378 [INFO]: epoch 0: batch loss = 205.48519897460938
2018-05-30 16:25:25,629 [INFO]: epoch 1: batch loss = 129.6705322265625
2018-05-30 16:25:35,845 [INFO]: epoch 2: batch loss = 118.9229736328125
2018-05-30 16:25:45,915 [INFO]: epoch 3: batch loss = 119.4160385131836
2018-05-30 16:25:56,147 [INFO]: epoch 4: batch loss = 106.75782775878906
2018-05-30 16:26:06,313 [INFO]: epoch 5: batch loss = 101.80278015136719
2018-05-30 16:26:16,387 [INFO]: epoch 6: batch loss = 105.7767562866211
2018-05-30 16:26:26,704 [INFO]: epoch 7: batch loss = 105.18077087402344
2018-05-30 16:26:36,960 [INFO]: epoch 8: batch loss = 96.9771728515625
2018-05-30 16:26:47,089 [INFO]: epoch 9: batch loss = 88.264892578125
2018-05-30 16:26:57,390 [INFO]: epoch 10: batch loss = 86.66990661621094
2018-05-30 16:27:07,587 [INFO]: epoch 11: batch loss = 90.74848937988281
2018-05-30 16:27:17,846 [INFO]: epoch 12: batch loss = 81.96273803710938
2018-05-30 16:27:27,970 [INFO]: epoch 13: batch loss = 84.49858093261719
2018-05-30 16:27:38,182 [INFO]: epoch 14: batch loss = 86.98297119140625
2018-05-30 16:27:48,113 [INFO]: epoch 15: batch loss = 81.83700561523438
2018-05-30 16:27:58,305 [INFO]: epoch 16: batch loss = 80.83380126953125
2018-05-30 16:28:08,382 [INFO]: epoch 17: batch loss = 81.19911193847656
2018-05-30 16:28:18,621 [INFO]: epoch 18: batch loss = 74.07994079589844
2018-05-30 16:28:28,864 [INFO]: epoch 19: batch loss = 74.92131042480469
2018-05-30 16:28:39,130 [INFO]: epoch 20: batch loss = 77.25574493408203
2018-05-30 16:28:49,309 [INFO]: epoch 21: batch loss = 70.04647827148438
2018-05-30 16:28:59,418 [INFO]: epoch 22: batch loss = 72.34337615966797
2018-05-30 16:29:09,538 [INFO]: epoch 23: batch loss = 74.83596801757812
2018-05-30 16:29:19,624 [INFO]: epoch 24: batch loss = 71.70061492919922
2018-05-30 16:29:29,780 [INFO]: epoch 25: batch loss = 69.78854370117188
2018-05-30 16:29:39,967 [INFO]: epoch 26: batch loss = 68.45692443847656
2018-05-30 16:29:50,098 [INFO]: epoch 27: batch loss = 67.87857055664062
2018-05-30 16:30:00,210 [INFO]: epoch 28: batch loss = 67.88958740234375
2018-05-30 16:30:10,361 [INFO]: epoch 29: batch loss = 65.42598724365234
2018-05-30 16:30:20,583 [INFO]: epoch 30: batch loss = 63.248451232910156
2018-05-30 16:30:30,668 [INFO]: epoch 31: batch loss = 61.646392822265625
2018-05-30 16:30:40,382 [INFO]: epoch 32: batch loss = 65.36695861816406
2018-05-30 16:30:50,422 [INFO]: epoch 33: batch loss = 61.31584548950195
2018-05-30 16:31:00,650 [INFO]: epoch 34: batch loss = 61.137001037597656
2018-05-30 16:31:10,759 [INFO]: epoch 35: batch loss = 59.95615768432617
2018-05-30 16:31:20,960 [INFO]: epoch 36: batch loss = 60.07856750488281
2018-05-30 16:31:31,008 [INFO]: epoch 37: batch loss = 63.681453704833984
2018-05-30 16:31:41,062 [INFO]: epoch 38: batch loss = 62.1883544921875
2018-05-30 16:31:51,141 [INFO]: epoch 39: batch loss = 61.06013870239258
2018-05-30 16:32:01,034 [INFO]: epoch 40: batch loss = 57.789634704589844
2018-05-30 16:32:10,948 [INFO]: epoch 41: batch loss = 59.76894760131836
2018-05-30 16:32:21,128 [INFO]: epoch 42: batch loss = 57.40637969970703
2018-05-30 16:32:31,279 [INFO]: epoch 43: batch loss = 60.64411926269531
2018-05-30 16:32:41,370 [INFO]: epoch 44: batch loss = 55.39299774169922
2018-05-30 16:32:51,469 [INFO]: epoch 45: batch loss = 54.78187942504883
2018-05-30 16:33:01,502 [INFO]: epoch 46: batch loss = 55.82392120361328
2018-05-30 16:33:11,590 [INFO]: epoch 47: batch loss = 55.10792541503906
2018-05-30 16:33:21,773 [INFO]: epoch 48: batch loss = 56.86402893066406
2018-05-30 16:33:31,844 [INFO]: epoch 49: batch loss = 54.37942123413086
2018-05-30 16:33:32,413 [INFO]: Layer 2
2018-05-30 16:33:33,938 [INFO]: epoch 0: batch loss = 117.13578796386719
2018-05-30 16:33:35,229 [INFO]: epoch 1: batch loss = 111.45746612548828
2018-05-30 16:33:36,585 [INFO]: epoch 2: batch loss = 110.7226333618164
2018-05-30 16:33:37,922 [INFO]: epoch 3: batch loss = 109.77186584472656
2018-05-30 16:33:39,257 [INFO]: epoch 4: batch loss = 110.91847229003906
2018-05-30 16:33:40,640 [INFO]: epoch 5: batch loss = 109.04159545898438
2018-05-30 16:33:41,934 [INFO]: epoch 6: batch loss = 110.27716827392578
2018-05-30 16:33:43,228 [INFO]: epoch 7: batch loss = 110.74906921386719
2018-05-30 16:33:44,604 [INFO]: epoch 8: batch loss = 111.40602111816406
2018-05-30 16:33:45,942 [INFO]: epoch 9: batch loss = 110.57884216308594
2018-05-30 16:33:47,311 [INFO]: epoch 10: batch loss = 111.55299377441406
2018-05-30 16:33:48,600 [INFO]: epoch 11: batch loss = 111.13455200195312
2018-05-30 16:33:49,822 [INFO]: epoch 12: batch loss = 111.91448974609375
2018-05-30 16:33:51,007 [INFO]: epoch 13: batch loss = 111.83935546875
2018-05-30 16:33:52,310 [INFO]: epoch 14: batch loss = 113.72659301757812
2018-05-30 16:33:53,648 [INFO]: epoch 15: batch loss = 112.19351196289062
2018-05-30 16:33:54,951 [INFO]: epoch 16: batch loss = 113.061767578125
2018-05-30 16:33:56,309 [INFO]: epoch 17: batch loss = 112.46701049804688
2018-05-30 16:33:57,666 [INFO]: epoch 18: batch loss = 113.49099731445312
2018-05-30 16:33:58,978 [INFO]: epoch 19: batch loss = 112.85179138183594
2018-05-30 16:34:00,361 [INFO]: epoch 20: batch loss = 112.35198974609375
2018-05-30 16:34:01,693 [INFO]: epoch 21: batch loss = 113.88282012939453
2018-05-30 16:34:02,952 [INFO]: epoch 22: batch loss = 113.18495178222656
2018-05-30 16:34:04,240 [INFO]: epoch 23: batch loss = 113.32566833496094
2018-05-30 16:34:05,476 [INFO]: epoch 24: batch loss = 113.91436004638672
2018-05-30 16:34:06,670 [INFO]: epoch 25: batch loss = 113.51929473876953
2018-05-30 16:34:07,961 [INFO]: epoch 26: batch loss = 113.41405487060547
2018-05-30 16:34:09,190 [INFO]: epoch 27: batch loss = 113.85712432861328
2018-05-30 16:34:10,476 [INFO]: epoch 28: batch loss = 113.04794311523438
2018-05-30 16:34:11,807 [INFO]: epoch 29: batch loss = 113.99556732177734
2018-05-30 16:34:13,153 [INFO]: epoch 30: batch loss = 114.36579895019531
2018-05-30 16:34:14,573 [INFO]: epoch 31: batch loss = 115.27297973632812
2018-05-30 16:34:15,895 [INFO]: epoch 32: batch loss = 115.91508483886719
2018-05-30 16:34:17,259 [INFO]: epoch 33: batch loss = 114.10179138183594
2018-05-30 16:34:18,573 [INFO]: epoch 34: batch loss = 114.02365112304688
2018-05-30 16:34:19,920 [INFO]: epoch 35: batch loss = 115.38780212402344
2018-05-30 16:34:21,191 [INFO]: epoch 36: batch loss = 113.77047729492188
2018-05-30 16:34:22,470 [INFO]: epoch 37: batch loss = 114.93185424804688
2018-05-30 16:34:23,776 [INFO]: epoch 38: batch loss = 113.99656677246094
2018-05-30 16:34:25,151 [INFO]: epoch 39: batch loss = 113.72671508789062
2018-05-30 16:34:26,481 [INFO]: epoch 40: batch loss = 116.0443115234375
2018-05-30 16:34:27,771 [INFO]: epoch 41: batch loss = 114.7286605834961
2018-05-30 16:34:28,996 [INFO]: epoch 42: batch loss = 113.81478881835938
2018-05-30 16:34:30,164 [INFO]: epoch 43: batch loss = 114.34228515625
2018-05-30 16:34:31,391 [INFO]: epoch 44: batch loss = 113.92779541015625
2018-05-30 16:34:32,613 [INFO]: epoch 45: batch loss = 115.10771179199219
2018-05-30 16:34:33,905 [INFO]: epoch 46: batch loss = 114.31150817871094
2018-05-30 16:34:35,258 [INFO]: epoch 47: batch loss = 112.91134643554688
2018-05-30 16:34:36,520 [INFO]: epoch 48: batch loss = 113.62408447265625
2018-05-30 16:34:37,792 [INFO]: epoch 49: batch loss = 113.0594711303711
2018-05-30 16:34:39,305 [WARNING]: From /home/xt/lib/python3.4/site-packages/tensorflow/contrib/learn/python/learn/datasets/base.py:198: retry (from tensorflow.contrib.learn.python.learn.datasets.base) is deprecated and will be removed in a future version.
Instructions for updating:
Use the retry module or similar alternatives.
2018-05-30 16:34:40,401 [INFO]: epoch 0: batch loss = 51.4538688659668, gen_loss=49.19038391113281, latent_loss=2.2634849548339844
2018-05-30 16:34:40,666 [INFO]: epoch 1: batch loss = 50.06431579589844, gen_loss=49.06183624267578, latent_loss=1.0024781227111816
2018-05-30 16:34:40,939 [INFO]: epoch 2: batch loss = 49.241432189941406, gen_loss=48.79594421386719, latent_loss=0.445486843585968
2018-05-30 16:34:41,210 [INFO]: epoch 3: batch loss = 49.07612991333008, gen_loss=48.555599212646484, latent_loss=0.5205323696136475
2018-05-30 16:34:41,485 [INFO]: epoch 4: batch loss = 48.679569244384766, gen_loss=48.06171798706055, latent_loss=0.6178504228591919
2018-05-30 16:34:41,741 [INFO]: epoch 5: batch loss = 49.626007080078125, gen_loss=48.937110900878906, latent_loss=0.6888955235481262
2018-05-30 16:34:42,008 [INFO]: epoch 6: batch loss = 49.04484558105469, gen_loss=48.284759521484375, latent_loss=0.7600848078727722
2018-05-30 16:34:42,284 [INFO]: epoch 7: batch loss = 48.17877960205078, gen_loss=47.48728942871094, latent_loss=0.6914899349212646
2018-05-30 16:34:42,549 [INFO]: epoch 8: batch loss = 49.2961540222168, gen_loss=48.54698181152344, latent_loss=0.7491708397865295
2018-05-30 16:34:42,820 [INFO]: epoch 9: batch loss = 49.245689392089844, gen_loss=48.47449493408203, latent_loss=0.7711949348449707
2018-05-30 16:34:43,082 [INFO]: epoch 10: batch loss = 49.31865310668945, gen_loss=48.587120056152344, latent_loss=0.7315325736999512
2018-05-30 16:34:43,337 [INFO]: epoch 11: batch loss = 49.11601257324219, gen_loss=48.30858612060547, latent_loss=0.8074268102645874
2018-05-30 16:34:43,602 [INFO]: epoch 12: batch loss = 48.48772430419922, gen_loss=47.71367645263672, latent_loss=0.7740464210510254
2018-05-30 16:34:43,874 [INFO]: epoch 13: batch loss = 49.53911590576172, gen_loss=48.75221252441406, latent_loss=0.7869019508361816
2018-05-30 16:34:44,162 [INFO]: epoch 14: batch loss = 48.24809646606445, gen_loss=47.4700927734375, latent_loss=0.7780045866966248
2018-05-30 16:34:44,446 [INFO]: epoch 15: batch loss = 48.244720458984375, gen_loss=47.48323059082031, latent_loss=0.7614904642105103
2018-05-30 16:34:44,732 [INFO]: epoch 16: batch loss = 48.452457427978516, gen_loss=47.53511047363281, latent_loss=0.9173485040664673
2018-05-30 16:34:44,991 [INFO]: epoch 17: batch loss = 49.15747833251953, gen_loss=48.32984161376953, latent_loss=0.8276362419128418
2018-05-30 16:34:45,245 [INFO]: epoch 18: batch loss = 48.51619338989258, gen_loss=47.777549743652344, latent_loss=0.7386418581008911
2018-05-30 16:34:45,529 [INFO]: epoch 19: batch loss = 48.76426315307617, gen_loss=47.90898513793945, latent_loss=0.855278730392456
2018-05-30 16:34:45,812 [INFO]: epoch 20: batch loss = 48.677921295166016, gen_loss=47.818016052246094, latent_loss=0.8599039912223816
2018-05-30 16:34:46,091 [INFO]: epoch 21: batch loss = 48.3586311340332, gen_loss=47.483917236328125, latent_loss=0.8747128844261169
2018-05-30 16:34:46,365 [INFO]: epoch 22: batch loss = 49.22755432128906, gen_loss=48.357276916503906, latent_loss=0.8702774047851562
2018-05-30 16:34:46,624 [INFO]: epoch 23: batch loss = 48.26270294189453, gen_loss=47.45866012573242, latent_loss=0.8040426969528198
2018-05-30 16:34:46,902 [INFO]: epoch 24: batch loss = 48.21660614013672, gen_loss=47.317359924316406, latent_loss=0.8992464542388916
2018-05-30 16:34:47,180 [INFO]: epoch 25: batch loss = 48.904296875, gen_loss=48.01426696777344, latent_loss=0.8900285959243774
2018-05-30 16:34:47,441 [INFO]: epoch 26: batch loss = 48.3984489440918, gen_loss=47.50944519042969, latent_loss=0.8890045285224915
2018-05-30 16:34:47,712 [INFO]: epoch 27: batch loss = 48.947933197021484, gen_loss=48.076690673828125, latent_loss=0.8712436556816101
2018-05-30 16:34:47,978 [INFO]: epoch 28: batch loss = 48.58335494995117, gen_loss=47.73249053955078, latent_loss=0.8508639335632324
2018-05-30 16:34:48,251 [INFO]: epoch 29: batch loss = 48.16689682006836, gen_loss=47.32329559326172, latent_loss=0.843600332736969
2018-05-30 16:34:48,529 [INFO]: epoch 30: batch loss = 48.39712905883789, gen_loss=47.50312805175781, latent_loss=0.8940010666847229
2018-05-30 16:34:48,812 [INFO]: epoch 31: batch loss = 49.04050827026367, gen_loss=48.157508850097656, latent_loss=0.8829981088638306
2018-05-30 16:34:49,070 [INFO]: epoch 32: batch loss = 48.613197326660156, gen_loss=47.72308349609375, latent_loss=0.8901151418685913
2018-05-30 16:34:49,347 [INFO]: epoch 33: batch loss = 48.309326171875, gen_loss=47.422855377197266, latent_loss=0.8864690065383911
2018-05-30 16:34:49,598 [INFO]: epoch 34: batch loss = 48.722450256347656, gen_loss=47.85664749145508, latent_loss=0.8658042550086975
2018-05-30 16:34:49,847 [INFO]: epoch 35: batch loss = 48.09010314941406, gen_loss=47.14988327026367, latent_loss=0.9402190446853638
2018-05-30 16:34:50,124 [INFO]: epoch 36: batch loss = 48.40596389770508, gen_loss=47.548885345458984, latent_loss=0.8570798635482788
2018-05-30 16:34:50,399 [INFO]: epoch 37: batch loss = 48.336612701416016, gen_loss=47.546142578125, latent_loss=0.79047030210495
2018-05-30 16:34:50,673 [INFO]: epoch 38: batch loss = 47.71482849121094, gen_loss=46.8770751953125, latent_loss=0.8377546668052673
2018-05-30 16:34:50,933 [INFO]: epoch 39: batch loss = 48.416015625, gen_loss=47.57279968261719, latent_loss=0.8432159423828125
2018-05-30 16:34:51,220 [INFO]: epoch 40: batch loss = 48.750640869140625, gen_loss=47.8779296875, latent_loss=0.8727124929428101
2018-05-30 16:34:51,498 [INFO]: epoch 41: batch loss = 48.377254486083984, gen_loss=47.49060821533203, latent_loss=0.8866459131240845
2018-05-30 16:34:51,767 [INFO]: epoch 42: batch loss = 47.86098098754883, gen_loss=47.04783248901367, latent_loss=0.8131499290466309
2018-05-30 16:34:52,047 [INFO]: epoch 43: batch loss = 48.85166931152344, gen_loss=47.918846130371094, latent_loss=0.9328233599662781
2018-05-30 16:34:52,306 [INFO]: epoch 44: batch loss = 48.46992111206055, gen_loss=47.5340690612793, latent_loss=0.93585205078125
2018-05-30 16:34:52,551 [INFO]: epoch 45: batch loss = 48.42140197753906, gen_loss=47.55378723144531, latent_loss=0.867613673210144
2018-05-30 16:34:52,819 [INFO]: epoch 46: batch loss = 48.96514129638672, gen_loss=48.04407501220703, latent_loss=0.921066403388977
2018-05-30 16:34:53,090 [INFO]: epoch 47: batch loss = 48.18450927734375, gen_loss=47.31697463989258, latent_loss=0.8675353527069092
2018-05-30 16:34:53,356 [INFO]: epoch 48: batch loss = 48.73998260498047, gen_loss=47.864288330078125, latent_loss=0.8756957054138184
2018-05-30 16:34:53,635 [INFO]: epoch 49: batch loss = 48.60326385498047, gen_loss=47.788665771484375, latent_loss=0.8145981431007385
2018-05-30 16:34:59,862 [INFO]: epoch 0: batch loss = 101.43891143798828, gen_loss=97.75032806396484, latent_loss=3.688586473464966, valid_loss=96.25508528489331
2018-05-30 16:35:05,162 [INFO]: epoch 1: batch loss = 100.17098999023438, gen_loss=95.78340911865234, latent_loss=4.387582302093506, valid_loss=95.13959415142354
2018-05-30 16:35:10,346 [INFO]: epoch 2: batch loss = 99.42689514160156, gen_loss=94.36885070800781, latent_loss=5.058043479919434, valid_loss=94.1858247610239
2018-05-30 16:35:15,600 [INFO]: epoch 3: batch loss = 96.57559204101562, gen_loss=91.61296081542969, latent_loss=4.9626312255859375, valid_loss=93.77764716515173
2018-05-30 16:35:20,865 [INFO]: epoch 4: batch loss = 98.64479064941406, gen_loss=93.35784149169922, latent_loss=5.286949157714844, valid_loss=93.36791904156023
2018-05-30 16:35:25,976 [INFO]: epoch 5: batch loss = 102.71607208251953, gen_loss=97.14874267578125, latent_loss=5.567329406738281, valid_loss=92.87401756873497
2018-05-30 16:35:30,998 [INFO]: epoch 6: batch loss = 95.3648681640625, gen_loss=89.63931274414062, latent_loss=5.725555419921875, valid_loss=92.63128574077898
2018-05-30 16:35:35,921 [INFO]: epoch 7: batch loss = 98.4548110961914, gen_loss=92.80509948730469, latent_loss=5.6497087478637695, valid_loss=92.34196178729718
2018-05-30 16:35:40,942 [INFO]: epoch 8: batch loss = 94.94441986083984, gen_loss=88.79056549072266, latent_loss=6.153857231140137, valid_loss=91.74114285982571
2018-05-30 16:35:45,960 [INFO]: epoch 9: batch loss = 98.27364349365234, gen_loss=92.1088638305664, latent_loss=6.1647772789001465, valid_loss=91.63933533888597
2018-05-30 16:35:50,920 [INFO]: epoch 10: batch loss = 100.11956024169922, gen_loss=93.73326110839844, latent_loss=6.386298656463623, valid_loss=91.59686631422777
2018-05-30 16:35:55,911 [INFO]: epoch 11: batch loss = 97.43456268310547, gen_loss=91.15682983398438, latent_loss=6.277730941772461, valid_loss=91.45270303579476
2018-05-30 16:36:00,857 [INFO]: epoch 12: batch loss = 97.4555892944336, gen_loss=91.0426254272461, latent_loss=6.412962436676025, valid_loss=91.45700161273663
2018-05-30 16:36:05,884 [INFO]: epoch 13: batch loss = 98.46761322021484, gen_loss=91.71992492675781, latent_loss=6.7476911544799805, valid_loss=91.30283032930811
2018-05-30 16:36:10,830 [INFO]: epoch 14: batch loss = 96.0899429321289, gen_loss=89.75495910644531, latent_loss=6.334982872009277, valid_loss=91.26592665452223
2018-05-30 16:36:15,795 [INFO]: epoch 15: batch loss = 95.44412231445312, gen_loss=88.78755187988281, latent_loss=6.6565704345703125, valid_loss=90.94346559964693
2018-05-30 16:36:20,784 [INFO]: epoch 16: batch loss = 95.8658447265625, gen_loss=88.67008972167969, latent_loss=7.19575309753418, valid_loss=90.81868978647086
2018-05-30 16:36:25,827 [INFO]: epoch 17: batch loss = 94.3616943359375, gen_loss=87.46089935302734, latent_loss=6.900791168212891, valid_loss=90.64140583918645
2018-05-30 16:36:30,811 [INFO]: epoch 18: batch loss = 96.22637176513672, gen_loss=89.18965148925781, latent_loss=7.036718368530273, valid_loss=90.86932930579553
2018-05-30 16:36:35,727 [INFO]: epoch 19: batch loss = 93.9244613647461, gen_loss=86.92979431152344, latent_loss=6.994668006896973, valid_loss=90.40113771878754
2018-05-30 16:36:40,721 [INFO]: epoch 20: batch loss = 100.13140869140625, gen_loss=92.68998718261719, latent_loss=7.44142484664917, valid_loss=90.63568584735577
2018-05-30 16:36:45,772 [INFO]: epoch 21: batch loss = 92.84772491455078, gen_loss=85.78153991699219, latent_loss=7.0661821365356445, valid_loss=90.70592586810773
2018-05-30 16:36:50,752 [INFO]: epoch 22: batch loss = 93.42886352539062, gen_loss=86.36412048339844, latent_loss=7.0647406578063965, valid_loss=90.39298424353966
2018-05-30 16:36:55,798 [INFO]: epoch 23: batch loss = 90.55377960205078, gen_loss=83.36988067626953, latent_loss=7.183902263641357, valid_loss=90.40178210918718
2018-05-30 16:37:00,870 [INFO]: epoch 24: batch loss = 95.95378875732422, gen_loss=88.1858901977539, latent_loss=7.767899513244629, valid_loss=90.33331650954027
2018-05-30 16:37:05,859 [INFO]: epoch 25: batch loss = 94.33720397949219, gen_loss=86.14167785644531, latent_loss=8.195525169372559, valid_loss=90.17346103374774
2018-05-30 16:37:10,861 [INFO]: epoch 26: batch loss = 94.9033432006836, gen_loss=87.06069946289062, latent_loss=7.842642784118652, valid_loss=90.45067068246696
2018-05-30 16:37:15,941 [INFO]: epoch 27: batch loss = 93.46924591064453, gen_loss=85.85536193847656, latent_loss=7.613886833190918, valid_loss=90.380861722506
2018-05-30 16:37:20,953 [INFO]: epoch 28: batch loss = 92.1530532836914, gen_loss=84.53901672363281, latent_loss=7.6140336990356445, valid_loss=90.23696547288161
2018-05-30 16:37:26,040 [INFO]: epoch 29: batch loss = 88.50670623779297, gen_loss=81.06675720214844, latent_loss=7.439949035644531, valid_loss=90.31243426983173
2018-05-30 16:37:31,143 [INFO]: epoch 30: batch loss = 95.64625549316406, gen_loss=87.78659057617188, latent_loss=7.859664440155029, valid_loss=90.27858616755557
2018-05-30 16:37:36,200 [INFO]: epoch 31: batch loss = 94.44410705566406, gen_loss=86.22740173339844, latent_loss=8.216705322265625, valid_loss=90.03397604135367
2018-05-30 16:37:41,208 [INFO]: epoch 32: batch loss = 90.59365844726562, gen_loss=82.51100158691406, latent_loss=8.082658767700195, valid_loss=89.94685803926909
2018-05-30 16:37:46,173 [INFO]: epoch 33: batch loss = 88.58431243896484, gen_loss=80.70571899414062, latent_loss=7.878594875335693, valid_loss=90.25074474628157
2018-05-30 16:37:51,224 [INFO]: epoch 34: batch loss = 97.9108657836914, gen_loss=89.06999206542969, latent_loss=8.840872764587402, valid_loss=89.98545250525841
2018-05-30 16:37:56,215 [INFO]: epoch 35: batch loss = 89.1551513671875, gen_loss=80.97850036621094, latent_loss=8.176651954650879, valid_loss=90.09269538292517
2018-05-30 16:38:01,243 [INFO]: epoch 36: batch loss = 88.29541778564453, gen_loss=80.22183227539062, latent_loss=8.073587417602539, valid_loss=90.35325475839468
2018-05-30 16:38:06,306 [INFO]: epoch 37: batch loss = 90.77955627441406, gen_loss=82.38935852050781, latent_loss=8.39019775390625, valid_loss=90.13014720036432
2018-05-30 16:38:11,350 [INFO]: epoch 38: batch loss = 90.82785034179688, gen_loss=82.49468994140625, latent_loss=8.33315658569336, valid_loss=90.26228919396036
2018-05-30 16:38:16,396 [INFO]: epoch 39: batch loss = 85.22318267822266, gen_loss=77.30902099609375, latent_loss=7.9141645431518555, valid_loss=90.33392040546124
2018-05-30 16:38:21,373 [INFO]: epoch 40: batch loss = 94.80428314208984, gen_loss=86.15328979492188, latent_loss=8.650996208190918, valid_loss=90.35938057532677
2018-05-30 16:38:26,396 [INFO]: epoch 41: batch loss = 89.16963195800781, gen_loss=80.87059020996094, latent_loss=8.299039840698242, valid_loss=90.05736072246846
2018-05-30 16:38:31,529 [INFO]: epoch 42: batch loss = 88.00740051269531, gen_loss=79.14047241210938, latent_loss=8.866931915283203, valid_loss=90.07793074387772
2018-05-30 16:38:36,524 [INFO]: epoch 43: batch loss = 90.67388916015625, gen_loss=82.12022399902344, latent_loss=8.55366325378418, valid_loss=90.40827765831581
2018-05-30 16:38:41,578 [INFO]: epoch 44: batch loss = 90.03665161132812, gen_loss=81.45226287841797, latent_loss=8.584392547607422, valid_loss=90.4575447669396
2018-05-30 16:38:46,652 [INFO]: epoch 45: batch loss = 90.93267059326172, gen_loss=81.83350372314453, latent_loss=9.099166870117188, valid_loss=90.29218996488132
2018-05-30 16:38:51,683 [INFO]: epoch 46: batch loss = 91.00355529785156, gen_loss=82.33198547363281, latent_loss=8.6715669631958, valid_loss=90.46233485295221
2018-05-30 16:38:56,713 [INFO]: epoch 47: batch loss = 89.59195709228516, gen_loss=80.49093627929688, latent_loss=9.101020812988281, valid_loss=90.38633170494666
2018-05-30 16:39:01,739 [INFO]: epoch 48: batch loss = 88.69406127929688, gen_loss=80.31449890136719, latent_loss=8.379565238952637, valid_loss=90.46419671865613
2018-05-30 16:39:06,734 [INFO]: epoch 49: batch loss = 88.11875915527344, gen_loss=79.77458190917969, latent_loss=8.344173431396484, valid_loss=90.46524576040417
2018-05-30 16:39:11,780 [INFO]: epoch 50: batch loss = 91.01402282714844, gen_loss=81.814208984375, latent_loss=9.199811935424805, valid_loss=90.28697674091049
2018-05-30 16:39:16,701 [INFO]: epoch 51: batch loss = 92.98668670654297, gen_loss=83.19395446777344, latent_loss=9.792732238769531, valid_loss=90.4977390582745
2018-05-30 16:39:21,634 [INFO]: epoch 52: batch loss = 90.40351867675781, gen_loss=81.0093994140625, latent_loss=9.394115447998047, valid_loss=90.37692700899561
2018-05-30 16:39:26,633 [INFO]: epoch 53: batch loss = 90.6737060546875, gen_loss=81.29727172851562, latent_loss=9.37643051147461, valid_loss=90.22040235079253
2018-05-30 16:39:31,653 [INFO]: epoch 54: batch loss = 86.74530792236328, gen_loss=77.98150634765625, latent_loss=8.763801574707031, valid_loss=90.47183961134692
2018-05-30 16:39:36,679 [INFO]: epoch 55: batch loss = 93.19774627685547, gen_loss=83.6941146850586, latent_loss=9.503629684448242, valid_loss=90.50997690054083
2018-05-30 16:39:41,719 [INFO]: epoch 56: batch loss = 88.49650573730469, gen_loss=78.95942687988281, latent_loss=9.537078857421875, valid_loss=90.55986727201021
2018-05-30 16:39:46,800 [INFO]: epoch 57: batch loss = 91.07412719726562, gen_loss=81.75994873046875, latent_loss=9.314178466796875, valid_loss=90.71846360426683
2018-05-30 16:39:51,851 [INFO]: epoch 58: batch loss = 90.66942596435547, gen_loss=81.15718078613281, latent_loss=9.512247085571289, valid_loss=90.41459714449371
2018-05-30 16:39:56,791 [INFO]: epoch 59: batch loss = 87.03333282470703, gen_loss=77.88230895996094, latent_loss=9.151025772094727, valid_loss=90.43505213810847
2018-05-30 16:40:01,822 [INFO]: epoch 60: batch loss = 89.72819519042969, gen_loss=80.28289031982422, latent_loss=9.44530200958252, valid_loss=90.59179511437047
2018-05-30 16:40:06,837 [INFO]: epoch 61: batch loss = 89.65924072265625, gen_loss=80.05626678466797, latent_loss=9.602977752685547, valid_loss=90.61194229125978
2018-05-30 16:40:11,892 [INFO]: epoch 62: batch loss = 94.40773010253906, gen_loss=85.08119201660156, latent_loss=9.326539993286133, valid_loss=90.74794857318584
2018-05-30 16:40:16,993 [INFO]: epoch 63: batch loss = 85.85448455810547, gen_loss=76.30563354492188, latent_loss=9.54885196685791, valid_loss=90.77946853637697
2018-05-30 16:40:22,063 [INFO]: epoch 64: batch loss = 87.91860961914062, gen_loss=77.68350219726562, latent_loss=10.235103607177734, valid_loss=90.7614414508526
2018-05-30 16:40:27,061 [INFO]: epoch 65: batch loss = 83.48243713378906, gen_loss=74.22909545898438, latent_loss=9.253337860107422, valid_loss=90.66391754150392
2018-05-30 16:40:32,066 [INFO]: epoch 66: batch loss = 87.67341613769531, gen_loss=78.40948486328125, latent_loss=9.263931274414062, valid_loss=90.9479962862455
2018-05-30 16:40:37,080 [INFO]: epoch 67: batch loss = 83.52904510498047, gen_loss=74.55229187011719, latent_loss=8.976753234863281, valid_loss=90.70380607018107
2018-05-30 16:40:42,023 [INFO]: epoch 68: batch loss = 88.19425201416016, gen_loss=78.81558227539062, latent_loss=9.378667831420898, valid_loss=90.72216474092923
2018-05-30 16:40:47,024 [INFO]: epoch 69: batch loss = 87.08639526367188, gen_loss=77.716796875, latent_loss=9.369600296020508, valid_loss=90.74418845543494
2018-05-30 16:40:52,139 [INFO]: epoch 70: batch loss = 86.87388610839844, gen_loss=77.43856048583984, latent_loss=9.43532943725586, valid_loss=90.91786604661208
2018-05-30 16:40:57,199 [INFO]: epoch 71: batch loss = 86.80069732666016, gen_loss=77.03180694580078, latent_loss=9.768891334533691, valid_loss=91.02960703923154
2018-05-30 16:41:02,292 [INFO]: epoch 72: batch loss = 88.96202087402344, gen_loss=79.12346649169922, latent_loss=9.838550567626953, valid_loss=91.028812115009
2018-05-30 16:41:07,214 [INFO]: epoch 73: batch loss = 88.30419921875, gen_loss=77.80247497558594, latent_loss=10.501723289489746, valid_loss=90.87149165226862
2018-05-30 16:41:12,167 [INFO]: epoch 74: batch loss = 87.22639465332031, gen_loss=77.35906982421875, latent_loss=9.867326736450195, valid_loss=91.03745445838342
2018-05-30 16:41:17,125 [INFO]: epoch 75: batch loss = 88.64136505126953, gen_loss=78.75514221191406, latent_loss=9.886223793029785, valid_loss=90.87106264554536
2018-05-30 16:41:22,165 [INFO]: epoch 76: batch loss = 86.34011840820312, gen_loss=76.61700439453125, latent_loss=9.72311782836914, valid_loss=91.18210073617786
2018-05-30 16:41:27,300 [INFO]: epoch 77: batch loss = 88.77357482910156, gen_loss=77.93508911132812, latent_loss=10.838485717773438, valid_loss=90.83734805767355
2018-05-30 16:41:32,337 [INFO]: epoch 78: batch loss = 89.07713317871094, gen_loss=79.63542175292969, latent_loss=9.441713333129883, valid_loss=91.17329348050632
2018-05-30 16:41:37,294 [INFO]: epoch 79: batch loss = 86.51521301269531, gen_loss=76.34213256835938, latent_loss=10.173078536987305, valid_loss=91.15222549438477
2018-05-30 16:41:42,327 [INFO]: epoch 80: batch loss = 87.82845306396484, gen_loss=78.07121276855469, latent_loss=9.757242202758789, valid_loss=90.99313706618088
2018-05-30 16:41:47,332 [INFO]: epoch 81: batch loss = 87.26280212402344, gen_loss=77.56999206542969, latent_loss=9.692811965942383, valid_loss=91.13583051241362
2018-05-30 16:41:52,241 [INFO]: epoch 82: batch loss = 88.44869995117188, gen_loss=78.08595275878906, latent_loss=10.362749099731445, valid_loss=91.04504482562729
2018-05-30 16:41:57,281 [INFO]: epoch 83: batch loss = 88.34681701660156, gen_loss=78.92565155029297, latent_loss=9.42116928100586, valid_loss=91.12526174692007
2018-05-30 16:42:02,396 [INFO]: epoch 84: batch loss = 88.33566284179688, gen_loss=77.71517181396484, latent_loss=10.620494842529297, valid_loss=91.24913024902345
2018-05-30 16:42:07,436 [INFO]: epoch 85: batch loss = 89.28882598876953, gen_loss=78.81721496582031, latent_loss=10.471613883972168, valid_loss=91.11968553983249
2018-05-30 16:42:12,406 [INFO]: epoch 86: batch loss = 86.2989730834961, gen_loss=76.57498931884766, latent_loss=9.723980903625488, valid_loss=91.31883885310243
2018-05-30 16:42:17,435 [INFO]: epoch 87: batch loss = 86.31300354003906, gen_loss=76.30732727050781, latent_loss=10.005678176879883, valid_loss=91.19277367225061
2018-05-30 16:42:22,455 [INFO]: epoch 88: batch loss = 87.99994659423828, gen_loss=77.4656982421875, latent_loss=10.534246444702148, valid_loss=91.23567463801457
2018-05-30 16:42:27,447 [INFO]: epoch 89: batch loss = 88.14016723632812, gen_loss=77.40481567382812, latent_loss=10.735347747802734, valid_loss=91.12872167734
2018-05-30 16:42:32,372 [INFO]: epoch 90: batch loss = 85.18264770507812, gen_loss=74.89012145996094, latent_loss=10.292522430419922, valid_loss=91.32793543888972
2018-05-30 16:42:37,220 [INFO]: epoch 91: batch loss = 87.36185455322266, gen_loss=77.00592041015625, latent_loss=10.355931282043457, valid_loss=91.21997657189003
2018-05-30 16:42:41,992 [INFO]: epoch 92: batch loss = 86.1582260131836, gen_loss=75.96986389160156, latent_loss=10.188361167907715, valid_loss=91.3757805457482
2018-05-30 16:42:46,785 [INFO]: epoch 93: batch loss = 89.85220336914062, gen_loss=79.39743041992188, latent_loss=10.454774856567383, valid_loss=91.52109116774339
2018-05-30 16:42:51,507 [INFO]: epoch 94: batch loss = 85.20088958740234, gen_loss=74.905517578125, latent_loss=10.295372009277344, valid_loss=91.31904895489032
2018-05-30 16:42:56,319 [INFO]: epoch 95: batch loss = 87.56279754638672, gen_loss=77.24700164794922, latent_loss=10.31579303741455, valid_loss=91.45690800593447
2018-05-30 16:43:01,145 [INFO]: epoch 96: batch loss = 87.09524536132812, gen_loss=76.80934143066406, latent_loss=10.285903930664062, valid_loss=91.31214582003079
2018-05-30 16:43:06,012 [INFO]: epoch 97: batch loss = 87.05623626708984, gen_loss=76.7872314453125, latent_loss=10.269003868103027, valid_loss=91.3561627314641
2018-05-30 16:43:10,939 [INFO]: epoch 98: batch loss = 86.64697265625, gen_loss=76.43290710449219, latent_loss=10.214067459106445, valid_loss=91.26010601337138
2018-05-30 16:43:15,753 [INFO]: epoch 99: batch loss = 88.1290283203125, gen_loss=78.14887237548828, latent_loss=9.980157852172852, valid_loss=91.5750324542706
2018-05-30 16:43:15,810 [INFO]: Weights saved at model/pretrain
